0 info it worked if it ends with ok
1 verbose cli [ '/usr/local/bin/node', '/usr/local/bin/npm', 'run', 'tfw' ]
2 info using npm@3.5.2
3 info using node@v5.2.0
4 verbose run-script [ 'pretfw', 'tfw', 'posttfw' ]
5 info lifecycle demo-platonic-solid@0.0.0~pretfw: demo-platonic-solid@0.0.0
6 silly lifecycle demo-platonic-solid@0.0.0~pretfw: no script for pretfw, continuing
7 info lifecycle demo-platonic-solid@0.0.0~tfw: demo-platonic-solid@0.0.0
8 verbose lifecycle demo-platonic-solid@0.0.0~tfw: unsafe-perm in lifecycle true
9 verbose lifecycle demo-platonic-solid@0.0.0~tfw: PATH: /usr/local/lib/node_modules/npm/bin/node-gyp-bin:/home/tolokoban/Code/github/demo-platonic-solid/node_modules/.bin:/usr/local/sbin:/usr/local/bin:/usr/sbin:/usr/bin:/sbin:/bin:/usr/games:/usr/local/games
10 verbose lifecycle demo-platonic-solid@0.0.0~tfw: CWD: /home/tolokoban/Code/github/demo-platonic-solid
11 silly lifecycle demo-platonic-solid@0.0.0~tfw: Args: [ '-c',
11 silly lifecycle   'node node_modules/toloframework/bin/tfw.js build dev watch' ]
12 silly lifecycle demo-platonic-solid@0.0.0~tfw: Returned: code: 1  signal: null
13 info lifecycle demo-platonic-solid@0.0.0~tfw: Failed to exec tfw script
14 verbose stack Error: demo-platonic-solid@0.0.0 tfw: `node node_modules/toloframework/bin/tfw.js build dev watch`
14 verbose stack Exit status 1
14 verbose stack     at EventEmitter.<anonymous> (/usr/local/lib/node_modules/npm/lib/utils/lifecycle.js:232:16)
14 verbose stack     at emitTwo (events.js:88:13)
14 verbose stack     at EventEmitter.emit (events.js:173:7)
14 verbose stack     at ChildProcess.<anonymous> (/usr/local/lib/node_modules/npm/lib/utils/spawn.js:24:14)
14 verbose stack     at emitTwo (events.js:88:13)
14 verbose stack     at ChildProcess.emit (events.js:173:7)
14 verbose stack     at maybeClose (internal/child_process.js:819:16)
14 verbose stack     at Process.ChildProcess._handle.onexit (internal/child_process.js:212:5)
15 verbose pkgid demo-platonic-solid@0.0.0
16 verbose cwd /home/tolokoban/Code/github/demo-platonic-solid
17 error Linux 3.13.0-24-generic
18 error argv "/usr/local/bin/node" "/usr/local/bin/npm" "run" "tfw"
19 error node v5.2.0
20 error npm  v3.5.2
21 error code ELIFECYCLE
22 error demo-platonic-solid@0.0.0 tfw: `node node_modules/toloframework/bin/tfw.js build dev watch`
22 error Exit status 1
23 error Failed at the demo-platonic-solid@0.0.0 tfw script 'node node_modules/toloframework/bin/tfw.js build dev watch'.
23 error Make sure you have the latest version of node.js and npm installed.
23 error If you do, this is most likely a problem with the demo-platonic-solid package,
23 error not with npm itself.
23 error Tell the author that this fails on your system:
23 error     node node_modules/toloframework/bin/tfw.js build dev watch
23 error You can get information on how to open an issue for this project with:
23 error     npm bugs demo-platonic-solid
23 error Or if that isn't available, you can get their info via:
23 error     npm owner ls demo-platonic-solid
23 error There is likely additional logging output above.
24 verbose exit [ 1, true ]
